1:1:贵宾幼犬粮
6:1:贵宾成犬粮
2:1:吉娃娃幼犬粮
8:1:吉娃娃成犬粮
3:1:约克夏幼犬粮
9:1:约克夏成犬粮
7:1:迷你雪纳瑞成犬粮
4:1:西高地成犬粮
5:1:可卡犬成犬粮
19:1:德牧幼犬粮
20:1:德牧成犬粮
15:1:拉布拉多幼犬粮
16:1:拉布拉多成犬粮
17:1:金毛犬幼犬粮
18:1:金毛犬成犬粮
12:1:藏獒第一生长期幼犬粮
13:1:藏獒第二生长期幼犬粮
14:1:藏獒成犬粮
21:2:迷你犬幼犬粮
22:2:迷你犬成犬粮
23:2:迷你犬8岁以上老年犬粮
24:3:小型犬奶糕
25:3:小型犬幼犬粮
26:3:小型犬成犬粮
27:3:小型犬8岁以上老年犬粮
28:3:小型犬皮肤舒护成犬粮
29:3:室内小型犬幼犬粮
30:3:室内小型犬成犬粮
31:3:室内小型犬老年犬粮
32:4:中型犬奶糕
33:4:中型犬幼犬粮
34:4:中型犬成犬粮
35:4:中型犬皮肤舒护犬粮
36:5:大型犬奶糕
37:5:大型犬幼犬粮
38:5:大型犬成犬粮
39:5:大型犬皮肤舒护犬粮
40:6:巨型犬奶糕
41:6:巨型犬第一生长期幼犬粮
42:6:巨型犬第二生长期幼犬粮
43:7:高能量4800成犬粮
44:7:轻胎期母犬粮
46:20:波斯猫幼猫粮
47:20:波斯猫成猫粮
48:20:英国短毛猫成猫粮
49:21:幼猫猫粮（1-4月龄）
50:21:幼猫猫粮（12月龄以下）
51:21:室内成猫粮
52:21:理想体态成猫粮
53:21:全能优选成猫粮极佳口感型
54:21:全能优选成猫粮肠道舒适型
55:21:全能优选成猫粮天然香味型
56:21:10岁以上老年猫粮
57:22:减肥成猫粮
58:22:去毛球成猫粮
59:22:美毛成猫粮
60:22:口腔护理成猫粮
63:40:犬肥胖症处方粮
83:40:犬减肥Ⅱ期处方粮
85:40:犬糖尿病处方粮
64:40:犬低过敏性处方粮
72:40:犬皮肤疾病处方粮
84:40:犬皮肤瘙痒处方粮
62:40:幼犬肠道处方粮
68:40:犬肠道处方粮
73:40:犬低脂易消化处方粮
67:40:犬肝脏处方粮
69:40:犬肾脏处方粮
65:40:犬泌尿道处方粮
66:40:犬心脏病处方粮
71:40:大型犬关节保护处方粮
70:40:犬维持关节灵活性处方粮
61:40:绝育小型成犬处方粮
91:40:犬肠道处方粮（湿粮）
78:41:猫肥胖症处方粮
81:41:猫糖尿病处方粮
79:41:猫低过敏性处方粮
76:41:猫肠道处方粮
82:41:猫肝脏处方粮
80:41:猫肾脏处方粮
77:41:猫泌尿道处方粮
74:41:绝育公猫处方粮
75:41:绝育母猫处方粮
90:41:猫泌尿道处方粮（湿粮）
86:80:幼猫奶糕
87:80:幼犬奶糕
